<?xml version="1.0" encoding="UTF-8"?>
<!-- Generated by org.testng.reporters.JUnitReportReporter -->
<testsuite hostname="Michaels-Mac-mini-2.local" name="com.example.test.ZoomLoginTest" tests="2" failures="0" timestamp="21 Dec 2016 06:49:33 GMT" time="11.950" errors="0">
  <testcase name="loginWithValidCredentialsTest" time="5.284" classname="com.example.test.ZoomLoginTest"/>
  <testcase name="loginErrorWithInValidCredentialsTest" time="6.666" classname="com.example.test.ZoomLoginTest"/>
</testsuite> <!-- com.example.test.ZoomLoginTest -->
