<?xml version="1.0" encoding="UTF-8"?>
<!-- Generated by org.testng.reporters.JUnitReportReporter -->
<testsuite hostname="Michaels-Mac-mini-2.local" name="com.ltlxpo.test.LtlXPOLoginTest" tests="1" failures="0" timestamp="28 Dec 2016 02:07:51 GMT" time="9.601" errors="0">
  <testcase name="loginWithValidCredentialsTest" time="9.601" classname="com.ltlxpo.test.LtlXPOLoginTest"/>
</testsuite> <!-- com.ltlxpo.test.LtlXPOLoginTest -->
