<?xml version="1.0" encoding="UTF-8"?>
<!-- Generated by org.testng.reporters.JUnitReportReporter -->
<testsuite hostname="Michaels-Mac-mini-2.local" name="com.example.test.GitHubLoginTest" tests="1" failures="0" timestamp="19 Dec 2016 04:42:54 GMT" time="4.743" errors="0">
  <testcase name="shouldNotLoginWithWrongCredentials" time="4.743" classname="com.example.test.GitHubLoginTest"/>
</testsuite> <!-- com.example.test.GitHubLoginTest -->
