<?xml version="1.0" encoding="UTF-8"?>
<!-- Generated by org.testng.reporters.JUnitReportReporter -->
<testsuite hostname="Michaels-Mac-mini-2.local" name="com.example.test.ZoomLoginTest" tests="1" failures="0" timestamp="20 Dec 2016 19:57:08 GMT" time="7.870" errors="0">
  <testcase name="loginWithValidCredentials" time="7.870" classname="com.example.test.ZoomLoginTest"/>
</testsuite> <!-- com.example.test.ZoomLoginTest -->
