<?xml version="1.0" encoding="UTF-8"?>
<!-- Generated by org.testng.reporters.JUnitReportReporter -->
<testsuite hostname="Michaels-Mac-mini-2.local" name="com.ltlxpo.test.LtlXPOLoginTest" tests="1" failures="0" timestamp="23 Dec 2016 05:56:39 GMT" time="7.199" errors="0">
  <testcase name="loginWithValidCredentialsTest" time="7.199" classname="com.ltlxpo.test.LtlXPOLoginTest"/>
</testsuite> <!-- com.ltlxpo.test.LtlXPOLoginTest -->
